<?xml version="1.0" encoding="UTF-8"?>
<!-- Generated by org.testng.reporters.JUnitXMLReporter -->
<testsuite ignored="0" hostname="IBM-7426FY3" failures="0" tests="3" name="SubmitOrdertest" time="48.947" errors="0" timestamp="2025-08-26T13:15:32 IST">
  <testcase classname="IBM.Selenium.Startingpage" name="submitOrder" time="9.019"/>
  <testcase classname="IBM.Selenium.Startingpage" name="submitOrder" time="8.7"/>
  <testcase classname="IBM.Selenium.Startingpage" name="orderHistory" time="1.875"/>
</testsuite> <!-- SubmitOrdertest -->
