<?xml version="1.0" encoding="UTF-8"?>
<!-- Generated by org.testng.reporters.JUnitXMLReporter -->
<testsuite ignored="0" hostname="IBM-7426FY3" failures="0" tests="3" name="SubmitOrdertest" time="26.697" errors="0" timestamp="2025-07-09T14:24:39 IST">
  <testcase classname="IBM.Selenium.Startingpage" name="submitOrder" time="7.285"/>
  <testcase classname="IBM.Selenium.Startingpage" name="submitOrder" time="7.517"/>
  <testcase classname="IBM.Selenium.Startingpage" name="orderHistory" time="1.421"/>
</testsuite> <!-- SubmitOrdertest -->
