<?xml version="1.0" encoding="UTF-8"?>
<testng-results ignored="0" total="5" passed="5" failed="0" skipped="0">
  <reporter-output>
  </reporter-output>
  <suite started-at="2025-07-09T14:24:13 IST" name="Suite" finished-at="2025-07-09T14:24:39 IST" duration-ms="26697">
    <groups>
      <group name="Purchase">
        <method signature="Startingpage.submitOrder(java.util.HashMap)[pri:0, instance:IBM.Selenium.Startingpage@2d0399f4]" name="submitOrder" class="IBM.Selenium.Startingpage"/>
        <method signature="ErrorValidation.LoginErrorValidation()[pri:0, instance:IBM.Selenium.ErrorValidation@47c81abf]" name="LoginErrorValidation" class="IBM.Selenium.ErrorValidation"/>
      </group> <!-- Purchase -->
    </groups>
    <test started-at="2025-07-09T14:24:13 IST" name="Error Validation Test" finished-at="2025-07-09T14:24:28 IST" duration-ms="15174">
      <class name="IBM.Selenium.ErrorValidation">
        <test-method is-config="true" signature="launchApplication()[pri:0, instance:IBM.Selenium.ErrorValidation@47c81abf]" started-at="2025-07-09T14:24:13 IST" name="launchApplication" finished-at="2025-07-09T14:24:19 IST" duration-ms="5937" status="PASS">
          <reporter-output>
          </reporter-output>
        </test-method> <!-- launchApplication -->
        <test-method signature="LoginErrorValidation()[pri:0, instance:IBM.Selenium.ErrorValidation@47c81abf]" started-at="2025-07-09T14:24:19 IST" name="LoginErrorValidation" finished-at="2025-07-09T14:24:20 IST" duration-ms="1582" status="PASS">
          <reporter-output>
          </reporter-output>
        </test-method> <!-- LoginErrorValidation -->
        <test-method is-config="true" signature="teardown()[pri:0, instance:IBM.Selenium.ErrorValidation@47c81abf]" started-at="2025-07-09T14:24:20 IST" name="teardown" finished-at="2025-07-09T14:24:21 IST" duration-ms="473" status="PASS">
          <reporter-output>
          </reporter-output>
        </test-method> <!-- teardown -->
        <test-method is-config="true" signature="launchApplication()[pri:0, instance:IBM.Selenium.ErrorValidation@47c81abf]" started-at="2025-07-09T14:24:21 IST" name="launchApplication" finished-at="2025-07-09T14:24:24 IST" duration-ms="3019" status="PASS">
          <reporter-output>
          </reporter-output>
        </test-method> <!-- launchApplication -->
        <test-method signature="ProductErrorValidation()[pri:0, instance:IBM.Selenium.ErrorValidation@47c81abf]" started-at="2025-07-09T14:24:24 IST" name="ProductErrorValidation" finished-at="2025-07-09T14:24:28 IST" duration-ms="3820" status="PASS">
          <reporter-output>
          </reporter-output>
        </test-method> <!-- ProductErrorValidation -->
        <test-method is-config="true" signature="teardown()[pri:0, instance:IBM.Selenium.ErrorValidation@47c81abf]" started-at="2025-07-09T14:24:28 IST" name="teardown" finished-at="2025-07-09T14:24:28 IST" duration-ms="276" status="PASS">
          <reporter-output>
          </reporter-output>
        </test-method> <!-- teardown -->
      </class> <!-- IBM.Selenium.ErrorValidation -->
    </test> <!-- Error Validation Test -->
    <test started-at="2025-07-09T14:24:13 IST" name="SubmitOrdertest" finished-at="2025-07-09T14:24:39 IST" duration-ms="26697">
      <class name="IBM.Selenium.Startingpage">
        <test-method is-config="true" signature="launchApplication()[pri:0, instance:IBM.Selenium.Startingpage@2d0399f4]" started-at="2025-07-09T14:24:13 IST" name="launchApplication" finished-at="2025-07-09T14:24:17 IST" duration-ms="4447" status="PASS">
          <reporter-output>
          </reporter-output>
        </test-method> <!-- launchApplication -->
        <test-method signature="submitOrder(java.util.HashMap)[pri:0, instance:IBM.Selenium.Startingpage@2d0399f4]" started-at="2025-07-09T14:24:17 IST" name="submitOrder" data-provider="getData" finished-at="2025-07-09T14:24:25 IST" duration-ms="7285" status="PASS">
          <params>
            <param index="0">
              <value>
                <![CDATA[{password=Kayathri21, product=ZARA COAT 3, email=kayathrikayu307@gmail.com}]]>
              </value>
            </param>
          </params>
          <reporter-output>
          </reporter-output>
        </test-method> <!-- submitOrder -->
        <test-method is-config="true" signature="teardown()[pri:0, instance:IBM.Selenium.Startingpage@2d0399f4]" started-at="2025-07-09T14:24:25 IST" name="teardown" finished-at="2025-07-09T14:24:25 IST" duration-ms="389" status="PASS">
          <reporter-output>
          </reporter-output>
        </test-method> <!-- teardown -->
        <test-method is-config="true" signature="launchApplication()[pri:0, instance:IBM.Selenium.Startingpage@2d0399f4]" started-at="2025-07-09T14:24:25 IST" name="launchApplication" finished-at="2025-07-09T14:24:27 IST" duration-ms="1916" status="PASS">
          <reporter-output>
          </reporter-output>
        </test-method> <!-- launchApplication -->
        <test-method signature="submitOrder(java.util.HashMap)[pri:0, instance:IBM.Selenium.Startingpage@2d0399f4]" started-at="2025-07-09T14:24:27 IST" name="submitOrder" data-provider="getData" finished-at="2025-07-09T14:24:34 IST" duration-ms="7517" status="PASS">
          <params>
            <param index="0">
              <value>
                <![CDATA[{password=Kayathri21, product=ADIDAS ORIGINAL, email=kayathri307@gmail.com}]]>
              </value>
            </param>
          </params>
          <reporter-output>
          </reporter-output>
        </test-method> <!-- submitOrder -->
        <test-method is-config="true" signature="teardown()[pri:0, instance:IBM.Selenium.Startingpage@2d0399f4]" started-at="2025-07-09T14:24:34 IST" name="teardown" finished-at="2025-07-09T14:24:35 IST" duration-ms="392" status="PASS">
          <reporter-output>
          </reporter-output>
        </test-method> <!-- teardown -->
        <test-method is-config="true" signature="launchApplication()[pri:0, instance:IBM.Selenium.Startingpage@2d0399f4]" started-at="2025-07-09T14:24:35 IST" name="launchApplication" finished-at="2025-07-09T14:24:38 IST" duration-ms="2727" status="PASS">
          <reporter-output>
          </reporter-output>
        </test-method> <!-- launchApplication -->
        <test-method signature="orderHistory()[pri:0, instance:IBM.Selenium.Startingpage@2d0399f4]" started-at="2025-07-09T14:24:38 IST" name="orderHistory" finished-at="2025-07-09T14:24:39 IST" depends-on-methods="IBM.Selenium.Startingpage.submitOrder" duration-ms="1421" status="PASS">
          <reporter-output>
          </reporter-output>
        </test-method> <!-- orderHistory -->
        <test-method is-config="true" signature="teardown()[pri:0, instance:IBM.Selenium.Startingpage@2d0399f4]" started-at="2025-07-09T14:24:39 IST" name="teardown" finished-at="2025-07-09T14:24:39 IST" duration-ms="321" status="PASS">
          <reporter-output>
          </reporter-output>
        </test-method> <!-- teardown -->
      </class> <!-- IBM.Selenium.Startingpage -->
    </test> <!-- SubmitOrdertest -->
  </suite> <!-- Suite -->
</testng-results>
