<?xml version="1.0" encoding="UTF-8"?>
<testng-results ignored="0" total="5" passed="4" failed="1" skipped="0">
  <reporter-output>
  </reporter-output>
  <suite started-at="2025-08-26T13:14:43 IST" name="Suite" finished-at="2025-08-26T13:15:32 IST" duration-ms="48947">
    <groups>
      <group name="Purchase">
        <method signature="Startingpage.submitOrder(java.util.HashMap)[pri:0, instance:IBM.Selenium.Startingpage@471a9022]" name="submitOrder" class="IBM.Selenium.Startingpage"/>
        <method signature="ErrorValidation.LoginErrorValidation()[pri:0, instance:IBM.Selenium.ErrorValidation@2d9caaeb]" name="LoginErrorValidation" class="IBM.Selenium.ErrorValidation"/>
      </group> <!-- Purchase -->
    </groups>
    <test started-at="2025-08-26T13:14:43 IST" name="Error Validation Test" finished-at="2025-08-26T13:15:19 IST" duration-ms="36003">
      <class name="IBM.Selenium.ErrorValidation">
        <test-method is-config="true" signature="launchApplication()[pri:0, instance:IBM.Selenium.ErrorValidation@2d9caaeb]" started-at="2025-08-26T13:14:43 IST" name="launchApplication" finished-at="2025-08-26T13:14:56 IST" duration-ms="13172" status="PASS">
          <reporter-output>
          </reporter-output>
        </test-method> <!-- launchApplication -->
        <test-method signature="LoginErrorValidation()[pri:0, instance:IBM.Selenium.ErrorValidation@2d9caaeb]" started-at="2025-08-26T13:14:56 IST" name="LoginErrorValidation" finished-at="2025-08-26T13:14:57 IST" duration-ms="1617" status="PASS">
          <reporter-output>
          </reporter-output>
        </test-method> <!-- LoginErrorValidation -->
        <test-method is-config="true" signature="teardown()[pri:0, instance:IBM.Selenium.ErrorValidation@2d9caaeb]" started-at="2025-08-26T13:14:57 IST" name="teardown" finished-at="2025-08-26T13:14:59 IST" duration-ms="1757" status="PASS">
          <reporter-output>
          </reporter-output>
        </test-method> <!-- teardown -->
        <test-method is-config="true" signature="launchApplication()[pri:0, instance:IBM.Selenium.ErrorValidation@2d9caaeb]" started-at="2025-08-26T13:14:59 IST" name="launchApplication" finished-at="2025-08-26T13:15:08 IST" duration-ms="9217" status="PASS">
          <reporter-output>
          </reporter-output>
        </test-method> <!-- launchApplication -->
        <test-method signature="ProductErrorValidation()[pri:0, instance:IBM.Selenium.ErrorValidation@2d9caaeb]" started-at="2025-08-26T13:15:08 IST" name="ProductErrorValidation" finished-at="2025-08-26T13:15:17 IST" duration-ms="8438" status="FAIL">
          <exception class="org.openqa.selenium.TimeoutException">
            <message>
              <![CDATA[Expected condition failed: waiting for visibility of element located by By.cssSelector: .cartSection h3 (tried for 5 second(s) with 500 milliseconds interval)
Build info: version: '4.20.0', revision: '866c76ca80'
System info: os.name: 'Windows 10', os.arch: 'amd64', os.version: '10.0', java.version: '17.0.1'
Driver info: org.openqa.selenium.chrome.ChromeDriver
Capabilities {acceptInsecureCerts: false, browserName: chrome, browserVersion: 139.0.7258.139, chrome: {chromedriverVersion: 139.0.7258.138 (884e54ea8d4..., userDataDir: C:\Users\Kayathri\AppData\L...}, fedcm:accounts: true, goog:chromeOptions: {debuggerAddress: localhost:62283}, networkConnectionEnabled: false, pageLoadStrategy: normal, platformName: windows, proxy: Proxy(), se:cdp: ws://localhost:62283/devtoo..., se:cdpVersion: 139.0.7258.139, setWindowRect: true, strictFileInteractability: false, timeouts: {implicit: 0, pageLoad: 300000, script: 30000}, unhandledPromptBehavior: dismiss and notify, webauthn:extension:credBlob: true, webauthn:extension:largeBlob: true, webauthn:extension:minPinLength: true, webauthn:extension:prf: true, webauthn:virtualAuthenticators: true}
Session ID: faa18142a75d6f9523342737645050ed]]>
            </message>
            <full-stacktrace>
              <![CDATA[org.openqa.selenium.TimeoutException: Expected condition failed: waiting for visibility of element located by By.cssSelector: .cartSection h3 (tried for 5 second(s) with 500 milliseconds interval)
Build info: version: '4.20.0', revision: '866c76ca80'
System info: os.name: 'Windows 10', os.arch: 'amd64', os.version: '10.0', java.version: '17.0.1'
Driver info: org.openqa.selenium.chrome.ChromeDriver
Capabilities {acceptInsecureCerts: false, browserName: chrome, browserVersion: 139.0.7258.139, chrome: {chromedriverVersion: 139.0.7258.138 (884e54ea8d4..., userDataDir: C:\Users\Kayathri\AppData\L...}, fedcm:accounts: true, goog:chromeOptions: {debuggerAddress: localhost:62283}, networkConnectionEnabled: false, pageLoadStrategy: normal, platformName: windows, proxy: Proxy(), se:cdp: ws://localhost:62283/devtoo..., se:cdpVersion: 139.0.7258.139, setWindowRect: true, strictFileInteractability: false, timeouts: {implicit: 0, pageLoad: 300000, script: 30000}, unhandledPromptBehavior: dismiss and notify, webauthn:extension:credBlob: true, webauthn:extension:largeBlob: true, webauthn:extension:minPinLength: true, webauthn:extension:prf: true, webauthn:virtualAuthenticators: true}
Session ID: faa18142a75d6f9523342737645050ed
at org.openqa.selenium.support.ui.WebDriverWait.timeoutException(WebDriverWait.java:84)
at org.openqa.selenium.support.ui.FluentWait.until(FluentWait.java:228)
at AbstarctComponents.Abstract.cartButton(Abstract.java:70)
at IBM.Selenium.ErrorValidation.ProductErrorValidation(ErrorValidation.java:34)
at java.base/jdk.internal.reflect.NativeMethodAccessorImpl.invoke0(Native Method)
at java.base/jdk.internal.reflect.NativeMethodAccessorImpl.invoke(NativeMethodAccessorImpl.java:77)
at java.base/jdk.internal.reflect.DelegatingMethodAccessorImpl.invoke(DelegatingMethodAccessorImpl.java:43)
at java.base/java.lang.reflect.Method.invoke(Method.java:568)
at org.testng.internal.invokers.MethodInvocationHelper.invokeMethod(MethodInvocationHelper.java:141)
at org.testng.internal.invokers.TestInvoker.invokeMethod(TestInvoker.java:686)
at org.testng.internal.invokers.TestInvoker.invokeTestMethod(TestInvoker.java:230)
at org.testng.internal.invokers.MethodRunner.runInSequence(MethodRunner.java:63)
at org.testng.internal.invokers.TestInvoker$MethodInvocationAgent.invoke(TestInvoker.java:992)
at org.testng.internal.invokers.TestInvoker.invokeTestMethods(TestInvoker.java:203)
at org.testng.internal.invokers.TestMethodWorker.invokeTestMethods(TestMethodWorker.java:154)
at org.testng.internal.invokers.TestMethodWorker.run(TestMethodWorker.java:134)
at java.base/java.util.ArrayList.forEach(ArrayList.java:1511)
at org.testng.TestRunner.privateRun(TestRunner.java:739)
at org.testng.TestRunner.run(TestRunner.java:614)
at org.testng.SuiteRunner.runTest(SuiteRunner.java:421)
at org.testng.SuiteRunner$SuiteWorker.run(SuiteRunner.java:463)
at org.testng.internal.thread.ThreadUtil.lambda$execute$0(ThreadUtil.java:64)
at java.base/java.util.concurrent.FutureTask.run(FutureTask.java:264)
at java.base/java.util.concurrent.ThreadPoolExecutor.runWorker(ThreadPoolExecutor.java:1136)
at java.base/java.util.concurrent.ThreadPoolExecutor$Worker.run(ThreadPoolExecutor.java:635)
at java.base/java.lang.Thread.run(Thread.java:833)
]]>
            </full-stacktrace>
          </exception> <!-- org.openqa.selenium.TimeoutException -->
          <reporter-output>
          </reporter-output>
        </test-method> <!-- ProductErrorValidation -->
        <test-method is-config="true" signature="teardown()[pri:0, instance:IBM.Selenium.ErrorValidation@2d9caaeb]" started-at="2025-08-26T13:15:17 IST" name="teardown" finished-at="2025-08-26T13:15:19 IST" duration-ms="1232" status="PASS">
          <reporter-output>
          </reporter-output>
        </test-method> <!-- teardown -->
      </class> <!-- IBM.Selenium.ErrorValidation -->
    </test> <!-- Error Validation Test -->
    <test started-at="2025-08-26T13:14:43 IST" name="SubmitOrdertest" finished-at="2025-08-26T13:15:32 IST" duration-ms="48947">
      <class name="IBM.Selenium.Startingpage">
        <test-method is-config="true" signature="launchApplication()[pri:0, instance:IBM.Selenium.Startingpage@471a9022]" started-at="2025-08-26T13:14:43 IST" name="launchApplication" finished-at="2025-08-26T13:14:56 IST" duration-ms="13128" status="PASS">
          <reporter-output>
          </reporter-output>
        </test-method> <!-- launchApplication -->
        <test-method signature="submitOrder(java.util.HashMap)[pri:0, instance:IBM.Selenium.Startingpage@471a9022]" started-at="2025-08-26T13:14:56 IST" name="submitOrder" data-provider="getData" finished-at="2025-08-26T13:15:05 IST" duration-ms="9019" status="PASS">
          <params>
            <param index="0">
              <value>
                <![CDATA[{password=Kayathri21, product=ZARA COAT 3, email=kayathrikayu307@gmail.com}]]>
              </value>
            </param>
          </params>
          <reporter-output>
          </reporter-output>
        </test-method> <!-- submitOrder -->
        <test-method is-config="true" signature="teardown()[pri:0, instance:IBM.Selenium.Startingpage@471a9022]" started-at="2025-08-26T13:15:05 IST" name="teardown" finished-at="2025-08-26T13:15:06 IST" duration-ms="1060" status="PASS">
          <reporter-output>
          </reporter-output>
        </test-method> <!-- teardown -->
        <test-method is-config="true" signature="launchApplication()[pri:0, instance:IBM.Selenium.Startingpage@471a9022]" started-at="2025-08-26T13:15:06 IST" name="launchApplication" finished-at="2025-08-26T13:15:14 IST" duration-ms="7339" status="PASS">
          <reporter-output>
          </reporter-output>
        </test-method> <!-- launchApplication -->
        <test-method signature="submitOrder(java.util.HashMap)[pri:0, instance:IBM.Selenium.Startingpage@471a9022]" started-at="2025-08-26T13:15:14 IST" name="submitOrder" data-provider="getData" finished-at="2025-08-26T13:15:22 IST" duration-ms="8700" status="PASS">
          <params>
            <param index="0">
              <value>
                <![CDATA[{password=Kayathri21, product=ADIDAS ORIGINAL, email=kayathri307@gmail.com}]]>
              </value>
            </param>
          </params>
          <reporter-output>
          </reporter-output>
        </test-method> <!-- submitOrder -->
        <test-method is-config="true" signature="teardown()[pri:0, instance:IBM.Selenium.Startingpage@471a9022]" started-at="2025-08-26T13:15:22 IST" name="teardown" finished-at="2025-08-26T13:15:26 IST" duration-ms="3193" status="PASS">
          <reporter-output>
          </reporter-output>
        </test-method> <!-- teardown -->
        <test-method is-config="true" signature="launchApplication()[pri:0, instance:IBM.Selenium.Startingpage@471a9022]" started-at="2025-08-26T13:15:26 IST" name="launchApplication" finished-at="2025-08-26T13:15:29 IST" duration-ms="3897" status="PASS">
          <reporter-output>
          </reporter-output>
        </test-method> <!-- launchApplication -->
        <test-method signature="orderHistory()[pri:0, instance:IBM.Selenium.Startingpage@471a9022]" started-at="2025-08-26T13:15:29 IST" name="orderHistory" finished-at="2025-08-26T13:15:31 IST" depends-on-methods="IBM.Selenium.Startingpage.submitOrder" duration-ms="1875" status="PASS">
          <reporter-output>
          </reporter-output>
        </test-method> <!-- orderHistory -->
        <test-method is-config="true" signature="teardown()[pri:0, instance:IBM.Selenium.Startingpage@471a9022]" started-at="2025-08-26T13:15:31 IST" name="teardown" finished-at="2025-08-26T13:15:32 IST" duration-ms="258" status="PASS">
          <reporter-output>
          </reporter-output>
        </test-method> <!-- teardown -->
      </class> <!-- IBM.Selenium.Startingpage -->
    </test> <!-- SubmitOrdertest -->
  </suite> <!-- Suite -->
</testng-results>
